# JRE version: OpenJDK Runtime Environment (11.0.13+8) (build 11.0.13+8-Ubuntu-0ubuntu1.20.04)
# Java VM: OpenJDK 64-Bit Server VM (11.0.13+8-Ubuntu-0ubuntu1.20.04, mixed mode, sharing, tiered, compressed oops, g1 gc, linux-amd64)
Heap:
 garbage-first heap   total 326656K, used 136237K [0x0000000706e00000, 0x0000000800000000)
  region size 1024K, 81 young (82944K), 5 survivors (5120K)
 Metaspace       used 32940K, capacity 33771K, committed 34172K, reserved 1079296K
  class space    used 3830K, capacity 4126K, committed 4220K, reserved 1048576K
GC Heap History (10 events):
Event: 0.312 GC heap before
{Heap before GC invocations=0 (full 0):
 garbage-first heap   total 258048K, used 24264K [0x0000000706e00000, 0x0000000800000000)
  region size 1024K, 24 young (24576K), 0 survivors (0K)
 Metaspace       used 5160K, capacity 7709K, committed 7808K, reserved 1056768K
  class space    used 627K, capacity 892K, committed 896K, reserved 1048576K
}
Event: 0.320 GC heap after
{Heap after GC invocations=1 (full 0):
 garbage-first heap   total 258048K, used 3848K [0x0000000706e00000, 0x0000000800000000)
  region size 1024K, 3 young (3072K), 3 survivors (3072K)
 Metaspace       used 5160K, capacity 7709K, committed 7808K, reserved 1056768K
  class space    used 627K, capacity 892K, committed 896K, reserved 1048576K
}
Event: 1.312 GC heap before
{Heap before GC invocations=1 (full 0):
 garbage-first heap   total 258048K, used 154376K [0x0000000706e00000, 0x0000000800000000)
  region size 1024K, 150 young (153600K), 3 survivors (3072K)
 Metaspace       used 15298K, capacity 16666K, committed 17152K, reserved 1064960K
  class space    used 1695K, capacity 1926K, committed 2048K, reserved 1048576K
}
Event: 1.319 GC heap after
{Heap after GC invocations=2 (full 0):
 garbage-first heap   total 258048K, used 12149K [0x0000000706e00000, 0x0000000800000000)
  region size 1024K, 12 young (12288K), 12 survivors (12288K)
 Metaspace       used 15298K, capacity 16666K, committed 17152K, reserved 1064960K
  class space    used 1695K, capacity 1926K, committed 2048K, reserved 1048576K
}
Event: 1.679 GC heap before
{Heap before GC invocations=2 (full 0):
 garbage-first heap   total 258048K, used 153461K [0x0000000706e00000, 0x0000000800000000)
  region size 1024K, 150 young (153600K), 12 survivors (12288K)
 Metaspace       used 15946K, capacity 17187K, committed 17664K, reserved 1064960K
  class space    used 1699K, capacity 1928K, committed 2048K, reserved 1048576K
}
Event: 1.689 GC heap after
{Heap after GC invocations=3 (full 0):
 garbage-first heap   total 258048K, used 21762K [0x0000000706e00000, 0x0000000800000000)
  region size 1024K, 18 young (18432K), 18 survivors (18432K)
 Metaspace       used 15946K, capacity 17187K, committed 17664K, reserved 1064960K
  class space    used 1699K, capacity 1928K, committed 2048K, reserved 1048576K
}
Event: 2.160 GC heap before
{Heap before GC invocations=3 (full 0):
 garbage-first heap   total 258048K, used 135426K [0x0000000706e00000, 0x0000000800000000)
  region size 1024K, 112 young (114688K), 18 survivors (18432K)
 Metaspace       used 20683K, capacity 21219K, committed 21248K, reserved 1069056K
  class space    used 2323K, capacity 2550K, committed 2560K, reserved 1048576K
}
Event: 2.173 GC heap after
{Heap after GC invocations=4 (full 0):
 garbage-first heap   total 258048K, used 53733K [0x0000000706e00000, 0x0000000800000000)
  region size 1024K, 19 young (19456K), 19 survivors (19456K)
 Metaspace       used 20683K, capacity 21219K, committed 21248K, reserved 1069056K
  class space    used 2323K, capacity 2550K, committed 2560K, reserved 1048576K
}
Event: 2.435 GC heap before
{Heap before GC invocations=5 (full 0):
 garbage-first heap   total 258048K, used 86501K [0x0000000706e00000, 0x0000000800000000)
  region size 1024K, 51 young (52224K), 19 survivors (19456K)
 Metaspace       used 26743K, capacity 27566K, committed 27772K, reserved 1073152K
  class space    used 3094K, capacity 3384K, committed 3452K, reserved 1048576K
}
Event: 2.443 GC heap after
{Heap after GC invocations=6 (full 0):
 garbage-first heap   total 326656K, used 59437K [0x0000000706e00000, 0x0000000800000000)
  region size 1024K, 5 young (5120K), 5 survivors (5120K)
 Metaspace       used 26743K, capacity 27566K, committed 27772K, reserved 1073152K
  class space    used 3094K, capacity 3384K, committed 3452K, reserved 1048576K
}

