# JRE version: OpenJDK Runtime Environment (11.0.13+8) (build 11.0.13+8-Ubuntu-0ubuntu1.20.04)
# Java VM: OpenJDK 64-Bit Server VM (11.0.13+8-Ubuntu-0ubuntu1.20.04, mixed mode, sharing, tiered, compressed oops, g1 gc, linux-amd64)
Heap:
 garbage-first heap   total 319488K, used 114429K [0x0000000706e00000, 0x0000000800000000)
  region size 1024K, 60 young (61440K), 6 survivors (6144K)
 Metaspace       used 32821K, capacity 33580K, committed 33916K, reserved 1079296K
  class space    used 3830K, capacity 4126K, committed 4220K, reserved 1048576K
GC Heap History (10 events):
Event: 0.294 GC heap before
{Heap before GC invocations=0 (full 0):
 garbage-first heap   total 258048K, used 24264K [0x0000000706e00000, 0x0000000800000000)
  region size 1024K, 24 young (24576K), 0 survivors (0K)
 Metaspace       used 5162K, capacity 7709K, committed 7808K, reserved 1056768K
  class space    used 628K, capacity 892K, committed 896K, reserved 1048576K
}
Event: 0.299 GC heap after
{Heap after GC invocations=1 (full 0):
 garbage-first heap   total 258048K, used 3863K [0x0000000706e00000, 0x0000000800000000)
  region size 1024K, 3 young (3072K), 3 survivors (3072K)
 Metaspace       used 5162K, capacity 7709K, committed 7808K, reserved 1056768K
  class space    used 628K, capacity 892K, committed 896K, reserved 1048576K
}
Event: 1.160 GC heap before
{Heap before GC invocations=1 (full 0):
 garbage-first heap   total 258048K, used 154391K [0x0000000706e00000, 0x0000000800000000)
  region size 1024K, 150 young (153600K), 3 survivors (3072K)
 Metaspace       used 15312K, capacity 16666K, committed 17152K, reserved 1064960K
  class space    used 1694K, capacity 1926K, committed 2048K, reserved 1048576K
}
Event: 1.166 GC heap after
{Heap after GC invocations=2 (full 0):
 garbage-first heap   total 258048K, used 12271K [0x0000000706e00000, 0x0000000800000000)
  region size 1024K, 12 young (12288K), 12 survivors (12288K)
 Metaspace       used 15312K, capacity 16666K, committed 17152K, reserved 1064960K
  class space    used 1694K, capacity 1926K, committed 2048K, reserved 1048576K
}
Event: 1.458 GC heap before
{Heap before GC invocations=2 (full 0):
 garbage-first heap   total 258048K, used 153583K [0x0000000706e00000, 0x0000000800000000)
  region size 1024K, 150 young (153600K), 12 survivors (12288K)
 Metaspace       used 15885K, capacity 17124K, committed 17664K, reserved 1064960K
  class space    used 1699K, capacity 1928K, committed 2048K, reserved 1048576K
}
Event: 1.467 GC heap after
{Heap after GC invocations=3 (full 0):
 garbage-first heap   total 258048K, used 22160K [0x0000000706e00000, 0x0000000800000000)
  region size 1024K, 19 young (19456K), 19 survivors (19456K)
 Metaspace       used 15885K, capacity 17124K, committed 17664K, reserved 1064960K
  class space    used 1699K, capacity 1928K, committed 2048K, reserved 1048576K
}
Event: 1.901 GC heap before
{Heap before GC invocations=3 (full 0):
 garbage-first heap   total 258048K, used 136848K [0x0000000706e00000, 0x0000000800000000)
  region size 1024K, 114 young (116736K), 19 survivors (19456K)
 Metaspace       used 20673K, capacity 21212K, committed 21248K, reserved 1069056K
  class space    used 2323K, capacity 2550K, committed 2560K, reserved 1048576K
}
Event: 1.916 GC heap after
{Heap after GC invocations=4 (full 0):
 garbage-first heap   total 258048K, used 53960K [0x0000000706e00000, 0x0000000800000000)
  region size 1024K, 19 young (19456K), 19 survivors (19456K)
 Metaspace       used 20673K, capacity 21212K, committed 21248K, reserved 1069056K
  class space    used 2323K, capacity 2550K, committed 2560K, reserved 1048576K
}
Event: 2.251 GC heap before
{Heap before GC invocations=5 (full 0):
 garbage-first heap   total 258048K, used 108232K [0x0000000706e00000, 0x0000000800000000)
  region size 1024K, 72 young (73728K), 19 survivors (19456K)
 Metaspace       used 28196K, capacity 28961K, committed 29180K, reserved 1075200K
  class space    used 3260K, capacity 3547K, committed 3580K, reserved 1048576K
}
Event: 2.263 GC heap after
{Heap after GC invocations=6 (full 0):
 garbage-first heap   total 319488K, used 60157K [0x0000000706e00000, 0x0000000800000000)
  region size 1024K, 6 young (6144K), 6 survivors (6144K)
 Metaspace       used 28196K, capacity 28961K, committed 29180K, reserved 1075200K
  class space    used 3260K, capacity 3547K, committed 3580K, reserved 1048576K
}

